#-----------------------------------------------------------
# Vivado v2024.2 (64-bit)
# SW Build 5239630 on Fri Nov 08 22:35:27 MST 2024
# IP Build 5239520 on Sun Nov 10 16:12:51 MST 2024
# SharedData Build 5239561 on Fri Nov 08 14:39:27 MST 2024
# Start of session at: Wed Mar 26 20:28:57 2025
# Process ID         : 6796
# Current directory  : C:/Users/91629/Desktop/cpu_third
# Command line       : vivado.exe -gui_launcher_event rodinguilauncherevent8348 C:\Users\91629\Desktop\cpu_third\cpu_third.xpr
# Log file           : C:/Users/91629/Desktop/cpu_third/vivado.log
# Journal file       : C:/Users/91629/Desktop/cpu_third\vivado.jou
# Running On         : wangzhangzhuo
# Platform           : Windows Server 2016 or Windows 10
# Operating System   : 22631
# Processor Detail   : AMD Ryzen 7 7840H w/Radeon 780M Graphics
# CPU Frequency      : 3793 MHz
# CPU Physical cores : 8
# CPU Logical cores  : 16
# Host memory        : 16334 MB
# Swap memory        : 9049 MB
# Total Virtual      : 25384 MB
# Available Virtual  : 12249 MB
#-----------------------------------------------------------
start_gui
open_project C:/Users/91629/Desktop/cpu_third/cpu_third.xpr
Scanning sources...
Finished scanning sources
CRITICAL WARNING: [Runs 36-271] Incremental checkpoint part, xc7k70tfbv676-2, does not match run part, xc7a200tfbg676-2.
CRITICAL WARNING: [Runs 36-271] Incremental checkpoint part, xc7k70tfbv676-2, does not match run part, xc7a200tfbg676-2.
INFO: [IP_Flow 19-234] Refreshing IP repositories
INFO: [IP_Flow 19-1704] No user IP repositories specified
INFO: [IP_Flow 19-2313] Loaded Vivado IP repository 'D:/Xilinx/Vivado/2024.2/data/ip'.
WARNING: [IP_Flow 19-2162] IP 'inst_rom' is locked:
* Current project part 'xc7a200tfbg676-2' and the part 'xc7k70tfbv676-2' used to customize the IP 'inst_rom' do not match.
WARNING: [IP_Flow 19-2162] IP 'data_ram' is locked:
* Current project part 'xc7a200tfbg676-2' and the part 'xc7k70tfbv676-2' used to customize the IP 'data_ram' do not match.
update_compile_order -fileset sources_1
